\BOOKMARK [0][-]{part.1}{I Introducci\363n}{}% 1
\BOOKMARK [0][-]{part.2}{II Desarrollo}{}% 2
\BOOKMARK [1][-]{section.2.1}{Traspuesta de una matriz de orden 2k}{part.2}% 3
\BOOKMARK [2][-]{subsection.2.1.1}{Enfoque sin divide y vencer\341s}{section.2.1}% 4
\BOOKMARK [3][-]{subsubsection.2.1.1.1}{An\341lisis te\363rico}{subsection.2.1.1}% 5
\BOOKMARK [3][-]{subsubsection.2.1.1.2}{An\341lisis emp\355rico}{subsection.2.1.1}% 6
\BOOKMARK [2][-]{subsection.2.1.2}{Enfoque con divide y vencer\341s}{section.2.1}% 7
\BOOKMARK [3][-]{subsubsection.2.1.2.1}{An\341lisis te\363rico}{subsection.2.1.2}% 8
\BOOKMARK [3][-]{subsubsection.2.1.2.2}{An\341lisis emp\355rico}{subsection.2.1.2}% 9
\BOOKMARK [2][-]{subsection.2.1.3}{Comparaci\363n de enfoques}{section.2.1}% 10
\BOOKMARK [1][-]{section.2.2}{Mezcla de vectores ordenados}{part.2}% 11
\BOOKMARK [2][-]{subsection.2.2.1}{Enfoque sin divide y vencer\341s}{section.2.2}% 12
\BOOKMARK [3][-]{subsubsection.2.2.1.1}{An\341lisis te\363rico}{subsection.2.2.1}% 13
\BOOKMARK [3][-]{subsubsection.2.2.1.2}{An\341lisis emp\355rico}{subsection.2.2.1}% 14
\BOOKMARK [2][-]{subsection.2.2.2}{Enfoque con divide y vencer\341s}{section.2.2}% 15
\BOOKMARK [3][-]{subsubsection.2.2.2.1}{An\341lisis te\363rico}{subsection.2.2.2}% 16
\BOOKMARK [3][-]{subsubsection.2.2.2.2}{An\341lisis emp\355rico}{subsection.2.2.2}% 17
\BOOKMARK [2][-]{subsection.2.2.3}{Comparaci\363n de enfoques}{section.2.2}% 18
\BOOKMARK [0][-]{part.3}{III Conclusiones}{}% 19
\BOOKMARK [0][-]{part.4}{IV Anexo: datos}{}% 20
